Using pre-set license
Built from '2020.3/staging' branch; Version is '2020.3.0f1 (c7b5465681fb) revision 13088070'; Using compiler version '192528614'; Build Type 'Release'
OS: 'Windows 10 Home; OS build 19042.1415; Version 2009; 64bit' Language: 'en' Physical Memory: 16145 MB
BatchMode: 1, IsHumanControllingUs: 0, StartBugReporterOnCrash: 0, Is64bit: 1, IsPro: 0

 COMMAND LINE ARGUMENTS:
C:\Program Files\Unity\Hub\Editor\2020.3.0f1\Editor\Unity.exe
-adb2
-batchMode
-noUpm
-name
AssetImportWorker0
-projectPath
D:/Game Projects/Unity/ConveyorBelt/files/conveyorBeltGame/conveyorBelt
-logFile
Logs/AssetImportWorker0.log
-srvPort
51900
Successfully changed project path to: D:/Game Projects/Unity/ConveyorBelt/files/conveyorBeltGame/conveyorBelt
D:/Game Projects/Unity/ConveyorBelt/files/conveyorBeltGame/conveyorBelt
Using Asset Import Pipeline V2.
Refreshing native plugins compatible for Editor in 73.08 ms, found 1 plugins.
Preloading 0 native plugins for Editor in 0.00 ms.
Initialize engine version: 2020.3.0f1 (c7b5465681fb)
[Subsystems] Discovering subsystems at path C:/Program Files/Unity/Hub/Editor/2020.3.0f1/Editor/Data/Resources/UnitySubsystems
[Subsystems] Discovering subsystems at path D:/Game Projects/Unity/ConveyorBelt/files/conveyorBeltGame/conveyorBelt/Assets
GfxDevice: creating device client; threaded=0
Direct3D:
    Version:  Direct3D 11.0 [level 11.1]
    Renderer: NVIDIA GeForce RTX 2060 (ID=0x1f15)
    Vendor:   
    VRAM:     5980 MB
    Driver:   30.0.14.9676
Initialize mono
Mono path[0] = 'C:/Program Files/Unity/Hub/Editor/2020.3.0f1/Editor/Data/Managed'
Mono path[1] = 'C:/Program Files/Unity/Hub/Editor/2020.3.0f1/Editor/Data/MonoBleedingEdge/lib/mono/unityjit'
Mono config path = 'C:/Program Files/Unity/Hub/Editor/2020.3.0f1/Editor/Data/MonoBleedingEdge/etc'
Using monoOptions --debugger-agent=transport=dt_socket,embedding=1,server=y,suspend=n,address=127.0.0.1:56224
Begin MonoManager ReloadAssembly
Registering precompiled unity dll's ...
Register platform support module: C:/Program Files/Unity/Hub/Editor/2020.3.0f1/Editor/Data/PlaybackEngines/WindowsStandaloneSupport/UnityEditor.WindowsStandalone.Extensions.dll
Registered in 0.005196 seconds.
Native extension for WindowsStandalone target not found
Refreshing native plugins compatible for Editor in 77.46 ms, found 1 plugins.
Preloading 0 native plugins for Editor in 0.00 ms.
Invoked RoslynAnalysisRunner static constructor.
RoslynAnalysisRunner will not be running.
RoslynAnalysisRunner has terminated.
Mono: successfully reloaded assembly
- Completed reload, in  3.169 seconds
Platform modules already initialized, skipping
Registering precompiled user dll's ...
Registered in 0.002074 seconds.
Begin MonoManager ReloadAssembly
Native extension for WindowsStandalone target not found
Refreshing native plugins compatible for Editor in 70.33 ms, found 1 plugins.
Preloading 0 native plugins for Editor in 0.00 ms.
Invoked RoslynAnalysisRunner static constructor.
RoslynAnalysisRunner will not be running.
RoslynAnalysisRunner has terminated.
Mono: successfully reloaded assembly
- Completed reload, in  2.104 seconds
Platform modules already initialized, skipping
========================================================================
Worker process is ready to serve import requests
Launched and connected shader compiler UnityShaderCompiler.exe after 0.10 seconds
Refreshing native plugins compatible for Editor in 0.88 ms, found 1 plugins.
Preloading 0 native plugins for Editor in 0.00 ms.
Unloading 1815 Unused Serialized files (Serialized files now loaded: 0)
System memory in use before: 84.8 MB.
System memory in use after: 84.8 MB.

Unloading 24 unused Assets to reduce memory usage. Loaded Objects now: 2259.
Total: 5.272600 ms (FindLiveObjects: 0.522200 ms CreateObjectMapping: 0.303200 ms MarkObjects: 4.155700 ms  DeleteObjects: 0.289100 ms)

========================================================================
Received Import Request.
  path: Assets/Prefabs/RightContainer.prefab
  artifactKey: Guid(32d87946bbdf5d543bcfa62f30f9143b) Importer(815301076,1909f56bfc062723c751e8b465ee728b)
Start importing Assets/Prefabs/RightContainer.prefab using Guid(32d87946bbdf5d543bcfa62f30f9143b) Importer(815301076,1909f56bfc062723c751e8b465ee728b)  -> (artifact id: '5c6b76cfb761a8eecfec133016718ab2') in 0.246238 seconds
  Import took 0.251829 seconds .

========================================================================
Received Import Request.
  Time since last request: 0.000479 seconds.
  path: Assets/Prefabs/LeftContainer.prefab
  artifactKey: Guid(a62ceef9c948d56479a867902d30b9ae) Importer(815301076,1909f56bfc062723c751e8b465ee728b)
Start importing Assets/Prefabs/LeftContainer.prefab using Guid(a62ceef9c948d56479a867902d30b9ae) Importer(815301076,1909f56bfc062723c751e8b465ee728b)  -> (artifact id: 'bb45c7a525f3c9e49a24a042f7eb5476') in 0.071193 seconds
  Import took 0.078986 seconds .

========================================================================
Received Import Request.
  Time since last request: 0.038340 seconds.
  path: Assets/Prefabs/LeftContainer.prefab
  artifactKey: Guid(a62ceef9c948d56479a867902d30b9ae) Importer(815301076,1909f56bfc062723c751e8b465ee728b)
Start importing Assets/Prefabs/LeftContainer.prefab using Guid(a62ceef9c948d56479a867902d30b9ae) Importer(815301076,1909f56bfc062723c751e8b465ee728b)  -> (artifact id: 'bb45c7a525f3c9e49a24a042f7eb5476') in 0.081681 seconds
  Import took 0.089329 seconds .

========================================================================
Received Import Request.
  Time since last request: 1.315187 seconds.
  path: Assets/Prefabs/LeftMissTrigger.prefab
  artifactKey: Guid(52a170c6578d04b43b808279b3c3b25e) Importer(815301076,1909f56bfc062723c751e8b465ee728b)
Start importing Assets/Prefabs/LeftMissTrigger.prefab using Guid(52a170c6578d04b43b808279b3c3b25e) Importer(815301076,1909f56bfc062723c751e8b465ee728b)  -> (artifact id: '9d29e5a9f1628b641ae12c02a432e50f') in 0.053626 seconds
  Import took 0.059257 seconds .

========================================================================
Received Import Request.
  Time since last request: 0.004108 seconds.
  path: Assets/Prefabs/LeftMissTrigger.prefab
  artifactKey: Guid(52a170c6578d04b43b808279b3c3b25e) Importer(815301076,1909f56bfc062723c751e8b465ee728b)
Start importing Assets/Prefabs/LeftMissTrigger.prefab using Guid(52a170c6578d04b43b808279b3c3b25e) Importer(815301076,1909f56bfc062723c751e8b465ee728b)  -> (artifact id: '9d29e5a9f1628b641ae12c02a432e50f') in 0.061934 seconds
  Import took 0.068723 seconds .

========================================================================
Received Import Request.
  Time since last request: 2.048912 seconds.
  path: Assets/Prefabs/RightMissTrigger.prefab
  artifactKey: Guid(559a3e7a154cc4541842dc7e0fb9e5db) Importer(815301076,1909f56bfc062723c751e8b465ee728b)
Start importing Assets/Prefabs/RightMissTrigger.prefab using Guid(559a3e7a154cc4541842dc7e0fb9e5db) Importer(815301076,1909f56bfc062723c751e8b465ee728b)  -> (artifact id: '213ecf6f7beccf1c17058a2bab59d6eb') in 0.074941 seconds
  Import took 0.081167 seconds .

========================================================================
Received Import Request.
  Time since last request: 0.006353 seconds.
  path: Assets/Prefabs/RightMissTrigger.prefab
  artifactKey: Guid(559a3e7a154cc4541842dc7e0fb9e5db) Importer(815301076,1909f56bfc062723c751e8b465ee728b)
Start importing Assets/Prefabs/RightMissTrigger.prefab using Guid(559a3e7a154cc4541842dc7e0fb9e5db) Importer(815301076,1909f56bfc062723c751e8b465ee728b)  -> (artifact id: '213ecf6f7beccf1c17058a2bab59d6eb') in 0.076732 seconds
  Import took 0.083470 seconds .

========================================================================
Received Import Request.
  Time since last request: 8.088667 seconds.
  path: Assets/Prefabs/PackageGenerator.prefab
  artifactKey: Guid(ec02a43077a4ec64cb7d75ab8ed99e79) Importer(815301076,1909f56bfc062723c751e8b465ee728b)
Start importing Assets/Prefabs/PackageGenerator.prefab using Guid(ec02a43077a4ec64cb7d75ab8ed99e79) Importer(815301076,1909f56bfc062723c751e8b465ee728b)  -> (artifact id: '9714658e3914b646d84250871f6baab1') in 0.050253 seconds
  Import took 0.057429 seconds .

AssetImportWorkerClient::OnTransportError - code=2 error=End of file
